<?xml version="1.0" encoding="UTF-8"?>
<!-- Generated by org.testng.reporters.JUnitReportReporter -->
<testsuite hostname="DESKTOP-SA95B7Q" failures="0" tests="13" name="com.orangeHRM.test.OrangeHRM_AddEmployee" time="167.750" errors="0" timestamp="2023-03-08T20:45:22 IST" skipped="0">
  <testcase classname="com.orangeHRM.test.OrangeHRM_AddEmployee" name="urlTest" time="10.633"/>
  <system-out/>
  <testcase classname="com.orangeHRM.test.OrangeHRM_AddEmployee" name="addEmployeesExel" time="17.847"/>
  <system-out/>
  <testcase classname="com.orangeHRM.test.OrangeHRM_AddEmployee" name="addEmployeesExel" time="18.320"/>
  <system-out/>
  <testcase classname="com.orangeHRM.test.OrangeHRM_AddEmployee" name="addEmployeesExel" time="17.875"/>
  <system-out/>
  <testcase classname="com.orangeHRM.test.OrangeHRM_AddEmployee" name="deleteEmployeesExel" time="8.186"/>
  <system-out/>
  <testcase classname="com.orangeHRM.test.OrangeHRM_AddEmployee" name="deleteEmployeesExel" time="8.279"/>
  <system-out/>
  <testcase classname="com.orangeHRM.test.OrangeHRM_AddEmployee" name="deleteEmployeesExel" time="8.415"/>
  <system-out/>
  <testcase classname="com.orangeHRM.test.OrangeHRM_AddEmployee" name="addEmployeesDataBase" time="17.789"/>
  <system-out/>
  <testcase classname="com.orangeHRM.test.OrangeHRM_AddEmployee" name="addEmployeesDataBase" time="18.185"/>
  <system-out/>
  <testcase classname="com.orangeHRM.test.OrangeHRM_AddEmployee" name="addEmployeesDataBase" time="17.513"/>
  <system-out/>
  <testcase classname="com.orangeHRM.test.OrangeHRM_AddEmployee" name="deleteEmployeesDataBase" time="8.262"/>
  <system-out/>
  <testcase classname="com.orangeHRM.test.OrangeHRM_AddEmployee" name="deleteEmployeesDataBase" time="8.277"/>
  <system-out/>
  <testcase classname="com.orangeHRM.test.OrangeHRM_AddEmployee" name="deleteEmployeesDataBase" time="8.169"/>
  <system-out/>
</testsuite> <!-- com.orangeHRM.test.OrangeHRM_AddEmployee -->
